"./src/XMonad.hs" 33f28ed 0 20    20    |  1     0.000 cExportSpecLis 0   0   |  2     0.333
"./src/XMonad.hs" 33f28ed 0 36    36    |  1     0.000 cModule        0   0   |  1     0.500
"./src/XMonad.hs" fa45d59 1 21    21    |  1     0.806 cModuleHead    1   1   |  1     0.818
"./src/XMonad.hs" fa45d59 1 35    39    |  0     1.000 ---            0   2   |  0     1.000
"./src/XMonad.hs" 833e37d 1 5     19    |  1     0.429 cExportSpecLis 0   0   |  1     0.500
"./src/XMonad.hs" 72e7bed 1 39    39    |  1     0.333 cTyParen       1   1   |  2     0.154
"./src/XMonad.hs" d0ef78e 1 97    97    |  1     0.000 cDataDecl      0   0   |  1     0.000
"./src/XMonad.hs" ea1134d 0 20    20    |  1     0.143 cModuleHead    1   1   |  1     0.212
"./src/XMonad.hs" ea1134d 0 38    39    |  2     0.032 cFieldDecl     0   0   |  3     0.300
"./src/XMonad.hs" ea1134d 1 96    97    |  10    0.562 cDataDecl      0   0   |  8     0.737
"./src/XMonad.hs" f0df95d 1 99    104   |  1     0.000 cRecDecl       0   0   |  ---   ---  
"./src/XMonad.hs" 5d086df 0 19    19    |  1     0.273 cExportSpecLis 0   0   |  2     0.054
"./src/XMonad.hs" 5d086df 0 65    69    |  3     0.215 cConDecl       0   0   |  4     0.137
"./src/XMonad.hs" 5d086df 0 70    74    |  4     0.121 cTypeSig       0   0   |  5     0.127
"./src/XMonad.hs" 5d086df 0 78    82    |  1     0.000 cUnGuardedRhs  0   0   |  2     0.143
"./src/XMonad.hs" 5d086df 0 82    86    |  1     0.000 cApp           0   0   |  2     0.083
"./src/XMonad.hs" 2b6a5d2 0 18    18    |  1     0.000 cExportSpecLis 0   0   |  2     0.034
"./src/XMonad.hs" 2b6a5d2 0 42    42    |  1     0.000 cTyBang        0   0   |  1     0.200
"./src/XMonad.hs" 2b6a5d2 0 50    50    |  1     0.000 cTypeDecl      0   0   |  2     0.143
"./src/XMonad.hs" b765cc9 1 18    18    |  2     0.250 cExportSpecLis 0   0   |  2     0.128
"./src/XMonad.hs" b765cc9 0 23    22    |  1     0.200 cModule        0   0   |  2     0.167
"./src/XMonad.hs" b765cc9 1 51    50    |  1     0.914 cTypeDecl      1   3   |  2     0.815
"./src/XMonad.hs" 85a20da 0 20    20    |  1     0.000 cExportSpecLis 0   0   |  1     0.143
"./src/XMonad.hs" 85a20da 0 83    83    |  1     0.000 cTypeSig       0   0   |  2     0.118
"./src/XMonad.hs" 3e7b230 1 51    53    |  0     1.000 ---            3   0   |  0     1.000
"./src/XMonad.hs" c490333 0 23    23    |  1     0.200 cModule        0   0   |  2     0.167
"./src/XMonad.hs" c490333 0 46    46    |  1     0.000 cTyApp         0   0   |  2     0.111
"./src/XMonad.hs" 83600d1 0 53    53    |  1     0.083 cModule        0   0   |  2     0.067
"./src/XMonad.hs" 83600d1 0 57    57    |  4     0.412 cMatch         1   1   |  4     0.684
"./src/XMonad.hs" 8c88e10 0 36    36    |  1     0.000 cRecDecl       0   0   |  1     0.000
"./src/XMonad.hs" 8c88e10 1 39    39    |  1     0.000 cRecDecl       0   0   |  1     0.000
"./src/XMonad.hs" a0f7df2 1 36    36    |  3     0.067 cFieldDecl     0   0   |  3     0.111
"./src/XMonad.hs" a0f7df2 1 40    41    |  9     0.048 cRecDecl       0   0   |  9     0.133
"./src/XMonad.hs" 3a592d2 0 54    54    |  1     0.000 cDataDecl      0   0   |  3     0.143
"./src/XMonad.hs" 3b36be5 0 54    54    |  1     0.143 cModule        1   1   |  2     0.077
"./src/XMonad.hs" 93be71b 1 18    18    |  1     0.245 cExportSpecLis 0   0   |  1     0.224
"./src/XMonad.hs" 93be71b 0 69    54    |  1     0.833 cModule        1   1   |  1     0.400
"./src/XMonad.hs" 93be71b 1 73    58    |  8     0.662 cFunBind       1   1   |  2     0.895
"./src/XMonad.hs" 93be71b 0 78    61    |  1     0.143 cModule        0   0   |  3     0.200
"./src/XMonad.hs" 1909c35 0 21    21    |  1     0.000 cExportSpecLis 0   0   |  1     0.143
"./src/XMonad.hs" 1909c35 1 71    71    |  3     0.105 cTypeSig       0   0   |  3     0.467
"./src/XMonad.hs" 10a0e21 1 18    18    |  1     0.245 cExportSpecLis 0   0   |  1     0.224
"./src/XMonad.hs" 10a0e21 0 54    69    |  1     0.333 cDataDecl      0   0   |  1     0.286
"./src/XMonad.hs" 10a0e21 0 62    77    |  1     0.143 cModule        0   0   |  2     0.200
"./src/XMonad.hs" 93cf095 0 20    20    |  1     0.143 cExportSpecLis 0   0   |  1     0.167
"./src/XMonad.hs" 4fc3448 0 18    18    |  1     0.111 cExportSpecLis 0   0   |  1     0.152
"./src/XMonad.hs" 4fc3448 1 46    46    |  1     0.529 cRecDecl       0   0   |  2     0.600
"./src/XMonad.hs" 4fc3448 0 48    52    |  0     1.000 ---            5   0   |  0     1.000
"./src/XMonad.hs" e0584a0 0 18    18    |  1     0.429 cModuleHead    1   1   |  2     0.128
"./src/XMonad.hs" 437167d 0 40    38    |  1     0.000 cTyBang        0   0   |  2     0.111
"./src/XMonad.hs" bb43b2a 0 18    18    |  1     0.000 cExportSpecLis 0   0   |  1     0.000
"./src/XMonad.hs" 851857b 1 27    27    |  1     0.000 cImportDecl    0   0   |  3     0.300
"./src/XMonad.hs" 851857b 1 76    77    |  5     0.323 cMatch         0   0   |  4     0.346
"./src/XMonad.hs" 835f054 0 27    27    |  1     0.167 cImportDecl    0   0   |  3     0.250
"./src/XMonad.hs" 835f054 1 76    76    |  4     0.157 cModule        0   0   |  5     0.163
"./src/XMonad.hs" 8aad665 0 27    27    |  1     0.250 cImportDecl    0   0   |  3     0.500
"./src/XMonad.hs" 8aad665 1 76    76    |  12    0.533 cMatch         1   1   |  5     0.690
"./src/XMonad.hs" 11bb12c 1 75    76    |  4     0.653 cMatch         1   1   |  6     0.600
"./src/XMonad.hs" 5398895 1 18    18    |  1     0.048 cExportSpecLis 0   0   |  3     0.095
"./src/XMonad.hs" 5398895 1 56    61    |  0     1.000 ---            0   3   |  0     1.000
"./src/XMonad.hs" 2365e68 0 26    26    |  1     0.636 cModule        0   0   |  1     0.556
"./src/XMonad.hs" 2365e68 1 32    32    |  1     0.478 cFieldDecl     0   0   |  5     0.585
"./src/XMonad/ManageHook.hs" 3073826 1 25    24    |  1     0.429 cImportDecl    1   1   |  2     0.259
"./src/XMonad/ManageHook.hs" 3073826 0 77    77    |  2     0.061 cInfixApp      0   0   |  2     0.077
"./src/XMonad/ManageHook.hs" 3073826 0 80    80    |  2     0.097 cInfixApp      0   0   |  2     0.048
"./src/XMonad/ManageHook.hs" 19c1759 0 37    37    |  2     0.600 cModule        1   1   |  2     0.500
"./src/XMonad/ManageHook.hs" 19c1759 0 45    45    |  3     0.619 cModule        1   1   |  3     0.412
"./src/XMonad/ManageHook.hs" 19c1759 1 51    51    |  7     0.284 cModule        0   0   |  5     0.279
"./src/XMonad/ManageHook.hs" 19c1759 0 104   105   |  4     0.333 cTypeSig       0   0   |  3     0.455
"./src/XMonad/ManageHook.hs" 34239a7 0 25    25    |  1     0.000 cImportDecl    0   0   |  2     0.083
"./src/XMonad/ManageHook.hs" dd22717 0 25    25    |  1     0.125 cModule        0   0   |  2     0.263
"./src/XMonad/ManageHook.hs" dd22717 0 75    75    |  2     0.105 cInfixApp      0   0   |  3     0.130
"./src/XMonad/ManageHook.hs" dd22717 0 78    78    |  2     0.200 cInfixApp      0   0   |  3     0.077
"./src/XMonad/ManageHook.hs" d5aadf2 0 40    40    |  4     0.615 cModule        1   1   |  3     0.429
"./src/XMonad/ManageHook.hs" e944a6c 0 77    77    |  1     0.000 cDo            0   0   |  1     0.000
"./src/XMonad/ManageHook.hs" 6156831 1 74    74    |  5     0.419 cLetStmt       2   3   |  3     0.692
"./src/XMonad/ManageHook.hs" 3caa989 0 114   114   |  3     0.351 ---            2   3   |  2     0.429
"./src/XMonad/ManageHook.hs" aa58eea 0 79    83    |  2     0.871 cPatBind       0   0   |  1     0.852
"./src/XMonad/ManageHook.hs" aa58eea 0 83    87    |  1     0.000 cInfixApp      0   0   |  1     0.000
"./src/XMonad/ManageHook.hs" 7db13a2 1 23    24    |  1     0.500 cImportSpecLis 0   0   |  2     0.440
"./src/XMonad/ManageHook.hs" 7db13a2 1 63    66    |  14    0.458 cModule        1   1   |  8     0.638
"./src/XMonad/ManageHook.hs" 16725df 0 71    71    |  1     0.000 cModule        0   0   |  3     0.091
"./src/XMonad/ManageHook.hs" 16725df 0 74    74    |  1     0.000 cTypeSig       0   0   |  2     0.105
"./src/XMonad/ManageHook.hs" 79754fd 0 74    74    |  2     0.167 cLambda        1   3   |  2     0.056
"./src/XMonad/ManageHook.hs" 797204f 0 74    74    |  2     0.167 cLambda        3   1   |  2     0.056
"./src/XMonad/ManageHook.hs" a295900 0 64    64    |  1     0.333 cApp           0   0   |  1     0.000
"./src/XMonad/ManageHook.hs" 6ce125a 0 38    38    |  4     0.538 ---            1   1   |  2     0.500
"./src/XMonad/ManageHook.hs" 3b83895 0 22    23    |  1     0.000 cModule        0   0   |  1     0.500
"./src/XMonad/ManageHook.hs" 3b83895 0 27    29    |  9     0.500 ---            1   1   |  3     0.724
"./src/XMonad/ManageHook.hs" 3b83895 0 36    38    |  3     0.436 cInfixMatch    1   1   |  3     0.538
"./src/XMonad/ManageHook.hs" 3b83895 0 40    42    |  1     0.571 cPatBind       1   1   |  1     0.600
"./src/XMonad/ManageHook.hs" 3b83895 0 44    46    |  4     0.273 cInfixMatch    1   1   |  4     0.222
"./src/XMonad/ManageHook.hs" 3b83895 0 48    50    |  2     0.211 cInfixMatch    1   1   |  3     0.231
"./src/XMonad/ManageHook.hs" 3b83895 0 52    54    |  6     0.148 cPatBind       1   1   |  9     0.136
"./src/XMonad/ManageHook.hs" 3b83895 0 58    60    |  4     0.462 ---            3   2   |  3     0.538
"./src/XMonad/ManageHook.hs" 3b83895 0 62    64    |  4     0.275 cPatBind       1   1   |  4     0.257
"./src/XMonad/ManageHook.hs" 3b83895 0 66    68    |  3     0.182 cPatBind       1   1   |  5     0.226
"./src/XMonad/Operations.hs" 50eb184 1 635   635   |  12    0.412 cDo            0   0   |  5     0.643
"./src/XMonad/Operations.hs" e1c555e 0 472   472   |  2     0.200 cDo            0   0   |  2     0.143
"./src/XMonad/Operations.hs" a70bf6a 0 497   497   |  3     0.149 cTypeSig       0   0   |  3     0.172
"./src/XMonad/Operations.hs" 0248e3c 1 2     2     |  1     0.143 cLanguagePragm 0   0   |  2     0.100
"./src/XMonad/Operations.hs" 0248e3c 1 452   516   |  6     0.724 cUnGuardedRhs  1   1   |  3     0.842
"./src/XMonad/Operations.hs" 4565e2c 1 518   518   |  2     0.050 cApp           0   0   |  3     0.033
"./src/XMonad/Operations.hs" 4565e2c 0 529   532   |  1     0.000 cApp           0   0   |  1     0.077
"./src/XMonad/Operations.hs" 4565e2c 1 532   535   |  1     0.174 cParen         5   7   |  2     0.100
"./src/XMonad/Operations.hs" dc07849 1 255   255   |  6     0.342 cMatch         0   0   |  2     0.463
"./src/XMonad/Operations.hs" dc07849 1 258   257   |  2     0.281 cInfixApp      6   6   |  2     0.214
"./src/XMonad/Operations.hs" dc07849 1 466   466   |  18    0.716 cMatch         0   0   |  10    0.839
"./src/XMonad/Operations.hs" 202e239 1 114   115   |  4     0.165 cDo            0   0   |  3     0.368
"./src/XMonad/Operations.hs" 202e239 1 154   158   |  4     0.165 cDo            0   0   |  3     0.368
"./src/XMonad/Operations.hs" 8e7634f 1 187   187   |  2     0.227 cLambda        3   1   |  2     0.290
"./src/XMonad/Operations.hs" 8e7634f 0 189   190   |  1     0.000 cApp           0   0   |  1     0.250
"./src/XMonad/Operations.hs" 8e7634f 0 212   209   |  6     0.344 cDo            0   0   |  2     0.556
"./src/XMonad/Operations.hs" b803fd7 0 453   453   |  4     0.348 cLambda        1   1   |  4     0.579
"./src/XMonad/Operations.hs" a34a5e9 1 286   286   |  6     0.421 cMatch         0   0   |  2     0.409
"./src/XMonad/Operations.hs" a34a5e9 0 290   293   |  1     0.000 cMatch         11  13  |  2     0.250
"./src/XMonad/Operations.hs" 38faddf 0 290   290   |  1     0.000 cApp           0   0   |  1     0.250
"./src/XMonad/Operations.hs" 67d436a 1 328   328   |  4     0.840 cLambda        1   1   |  2     0.882
"./src/XMonad/Operations.hs" c6fef37 0 27    27    |  1     0.100 cModule        0   0   |  2     0.071
"./src/XMonad/Operations.hs" 2d4f304 1 328   328   |  1     0.053 cQualifier     1   1   |  2     0.067
"./src/XMonad/Operations.hs" 8cd66aa 0 203   203   |  3     0.195 cDo            0   0   |  1     0.150
"./src/XMonad/Operations.hs" 77b3f62 0 213   213   |  1     0.333 cQualifier     2   2   |  2     0.077
"./src/XMonad/Operations.hs" 77b3f62 0 323   323   |  1     0.000 cInfixApp      0   0   |  2     0.031
"./src/XMonad/Operations.hs" 77b3f62 1 329   329   |  1     0.053 cQualifier     1   1   |  2     0.067
"./src/XMonad/Operations.hs" 77b3f62 0 341   340   |  1     0.000 cInfixApp      0   0   |  1     0.077
"./src/XMonad/Operations.hs" 77b3f62 0 441   440   |  1     0.200 cApp           2   2   |  2     0.067
"./src/XMonad/Operations.hs" 77b3f62 0 511   510   |  1     0.000 cApp           0   0   |  1     0.077
"./src/XMonad/Operations.hs" dd22717 0 36    36    |  1     0.000 cImportDecl    0   0   |  2     0.200
"./src/XMonad/Operations.hs" dd22717 0 403   402   |  2     0.172 cParen         0   0   |  3     0.103
"./src/XMonad/Operations.hs" d5d8d55 0 392   392   |  2     0.364 cGenerator     0   0   |  2     0.500
"./src/XMonad/Operations.hs" d5d8d55 0 398   398   |  2     0.364 cGenerator     0   0   |  2     0.500
"./src/XMonad/Operations.hs" 73e406f 0 71    71    |  3     0.059 cGenerator     0   0   |  3     0.103
"./src/XMonad/Operations.hs" 73e406f 1 416   416   |  9     0.686 cUnGuardedRhs  1   1   |  4     0.728
"./src/XMonad/Operations.hs" 5e7df39 0 26    26    |  2     0.333 cImportDecl    0   0   |  2     0.385
"./src/XMonad/Operations.hs" 5e7df39 0 71    71    |  4     0.280 cGenerator     2   1   |  3     0.379
"./src/XMonad/Operations.hs" 5e7df39 0 172   172   |  2     0.080 cDo            0   0   |  1     0.222
"./src/XMonad/Operations.hs" ba8e264 0 127   127   |  1     0.000 cGenerator     0   0   |  1     0.050
"./src/XMonad/Operations.hs" ba8e264 1 144   142   |  16    0.386 cLambda        1   1   |  8     0.765
"./src/XMonad/Operations.hs" ba8e264 1 149   148   |  2     0.268 cLambda        1   1   |  2     0.545
"./src/XMonad/Operations.hs" c627e8c 0 135   135   |  1     0.273 cBDecls        2   1   |  2     0.400
"./src/XMonad/Operations.hs" c627e8c 1 147   147   |  6     0.673 cInfixApp      0   0   |  3     0.841
"./src/XMonad/Operations.hs" ca122dd 0 86    86    |  2     0.227 cModule        1   1   |  4     0.353
"./src/XMonad/Operations.hs" 28c57a8 0 320   320   |  2     0.137 cApp           0   0   |  2     0.100
"./src/XMonad/Operations.hs" afda20b 1 297   297   |  31    0.462 cUnGuardedRhs  0   0   |  8     0.679
"./src/XMonad/Operations.hs" afda20b 0 314   320   |  2     0.137 cApp           0   0   |  2     0.100
"./src/XMonad/Operations.hs" 1844479 1 416   417   |  8     0.667 cBDecls        0   0   |  2     0.660
"./src/XMonad/Operations.hs" cc60fa7 1 426   426   |  9     0.073 ---            4   1   |  13    0.196
"./src/XMonad/Operations.hs" d8d636e 1 168   168   |  2     0.568 cUnGuardedRhs  1   1   |  1     0.636
"./src/XMonad/Operations.hs" d8d636e 1 297   298   |  4     0.197 cIf            0   0   |  2     0.283
"./src/XMonad/Operations.hs" ba3987f 0 110   110   |  2     0.750 cQualifier     1   1   |  1     0.667
"./src/XMonad/Operations.hs" 9dae87c 0 158   159   |  1     0.308 cInfixApp      1   1   |  3     0.200
"./src/XMonad/Operations.hs" 6f61c83 0 60    60    |  4     0.267 cDo            0   0   |  3     0.500
"./src/XMonad/Operations.hs" 6f61c83 0 68    68    |  5     0.333 cUnGuardedRhs  0   0   |  5     0.462
"./src/XMonad/Operations.hs" bcbccbf 0 482   482   |  1     0.000 cApp           0   0   |  1     0.050
"./src/XMonad/Operations.hs" bcbccbf 0 492   508   |  3     0.036 cTypeSig       0   0   |  2     0.054
"./src/XMonad/Operations.hs" 708084d 1 139   130   |  5     0.634 cBDecls        0   0   |  4     0.718
"./src/XMonad/Operations.hs" 708084d 1 279   267   |  2     0.560 cInfixApp      0   0   |  2     0.536
"./src/XMonad/Operations.hs" d948210 1 146   146   |  3     0.435 cInfixApp      0   0   |  3     0.133
"./src/XMonad/Operations.hs" d948210 0 343   344   |  1     0.000 cDo            0   0   |  1     0.000
"./src/XMonad/Operations.hs" d948210 0 351   352   |  1     0.000 cUnGuardedRhs  0   0   |  1     0.000
"./src/XMonad/Operations.hs" d948210 1 357   358   |  4     0.184 cLambda        0   0   |  4     0.116
"./src/XMonad/Operations.hs" db08970 0 124   125   |  4     0.257 cInfixApp      1   1   |  7     0.351
"./src/XMonad/Operations.hs" db08970 1 147   148   |  6     0.684 cDo            0   0   |  1     0.938
"./src/XMonad/Operations.hs" db08970 1 341   340   |  17    0.577 cTypeSig       0   3   |  11    0.635
"./src/XMonad/Operations.hs" 79754fd 0 59    59    |  3     0.130 cDo            0   0   |  2     0.333
"./src/XMonad/Operations.hs" 79754fd 0 67    67    |  5     0.333 cUnGuardedRhs  0   0   |  5     0.462
"./src/XMonad/Operations.hs" 79754fd 0 395   395   |  2     0.385 cTyFun         1   1   |  2     0.111
"./src/XMonad/Operations.hs" 79754fd 0 409   409   |  4     0.429 cDo            0   0   |  2     0.600
"./src/XMonad/Operations.hs" 79754fd 0 420   420   |  3     0.130 cDo            0   0   |  2     0.333
"./src/XMonad/Operations.hs" 79754fd 0 422   422   |  1     0.000 cGenerator     0   0   |  1     0.000
"./src/XMonad/Operations.hs" 79754fd 0 424   424   |  4     0.259 cGenerator     0   0   |  2     0.304
"./src/XMonad/Operations.hs" 669a162 0 131   131   |  5     0.072 cBDecls        0   0   |  6     0.219
"./src/XMonad/Operations.hs" 669a162 0 145   145   |  5     0.241 cApp           2   1   |  5     0.400
"./src/XMonad/Operations.hs" 1c930ba 0 426   425   |  3     0.538 cApp           1   1   |  2     0.467
"./src/XMonad/Operations.hs" 797204f 0 59    59    |  3     0.130 cDo            0   0   |  2     0.333
"./src/XMonad/Operations.hs" 797204f 0 67    67    |  5     0.333 cUnGuardedRhs  0   0   |  5     0.462
"./src/XMonad/Operations.hs" 797204f 0 395   395   |  1     0.385 cTyFun         1   1   |  2     0.111
"./src/XMonad/Operations.hs" 797204f 0 409   409   |  4     0.429 cDo            0   0   |  2     0.600
"./src/XMonad/Operations.hs" 797204f 0 420   420   |  3     0.130 cDo            0   0   |  2     0.333
"./src/XMonad/Operations.hs" 695860f 1 384   385   |  4     0.318 cTyFun         1   1   |  5     0.241
"./src/XMonad/Operations.hs" 0c697eb 0 68    69    |  3     0.170 cGenerator     0   0   |  3     0.250
"./src/XMonad/Operations.hs" f979942 1 249   249   |  29    0.316 cTypeSig       0   0   |  17    0.504
"./src/XMonad/Operations.hs" f979942 0 272   273   |  1     0.571 cGenerator     1   1   |  2     0.333
"./src/XMonad/Operations.hs" f979942 0 276   277   |  5     0.425 cPatBind       5   5   |  4     0.532
"./src/XMonad/Operations.hs" be5e270 0 249   249   |  4     0.444 cModule        1   1   |  5     0.579
"./src/XMonad/Operations.hs" 1f4b8cb 1 253   253   |  1     0.894 cGenerator     0   0   |  1     0.896
"./src/XMonad/Operations.hs" 1f4b8cb 0 257   268   |  5     0.425 cPatBind       5   5   |  4     0.532
"./src/XMonad/Operations.hs" 5166ede 1 75    75    |  5     0.548 ---            3   2   |  4     0.529
"./src/XMonad/Operations.hs" f394956 0 22    22    |  1     0.000 cImportDecl    0   0   |  2     0.125
"./src/XMonad/Operations.hs" 3456086 0 50    51    |  3     0.071 cApp           0   0   |  3     0.086
"./src/XMonad/Operations.hs" 3456086 0 54    55    |  2     0.053 cInfixApp      0   0   |  2     0.182
"./src/XMonad/Operations.hs" 3456086 0 237   238   |  2     0.053 cInfixApp      0   0   |  2     0.133
"./src/XMonad/Operations.hs" 3456086 0 299   300   |  2     0.042 cInfixApp      0   0   |  2     0.167
"./src/XMonad/Operations.hs" 3456086 0 310   311   |  3     0.064 cGenerator     0   0   |  3     0.300
"./src/XMonad/Operations.hs" 3456086 0 338   339   |  2     0.059 cLambda        0   0   |  3     0.055
"./src/XMonad/Operations.hs" 3456086 0 379   380   |  2     0.056 cInfixApp      0   0   |  2     0.133
"./src/XMonad/Operations.hs" 3456086 0 391   392   |  2     0.056 cInfixApp      0   0   |  2     0.182
"./src/XMonad/Operations.hs" 3b83895 0 67    67    |  3     0.100 cGenerator     0   0   |  2     0.053
"./src/XMonad/Operations.hs" dc6ba6b 0 54    54    |  1     0.000 cInfixApp      0   0   |  2     0.083
"./src/XMonad/Operations.hs" dc6ba6b 0 299   299   |  1     0.000 cInfixApp      0   0   |  2     0.077
"./src/XMonad/Operations.hs" dc6ba6b 0 379   379   |  1     0.000 cInfixApp      0   0   |  2     0.062
"./src/XMonad/Operations.hs" e2ab6e8 0 69    67    |  1     0.310 cGenerator     4   1   |  2     0.143
"./src/XMonad/Operations.hs" dbfd132 0 21    21    |  1     0.000 cModule        0   0   |  1     0.500
"./src/XMonad/Core.hs" fcea17f 0 16    16    |  1     0.000 cModuleHead    0   0   |  2     0.167
"./src/XMonad/Core.hs" fcea17f 0 41    41    |  1     0.000 cModule        0   0   |  2     0.182
"./src/XMonad/StackSet.hs" f490ced 0 480   480   |  2     0.056 cTypeSig       3   4   |  2     0.064
"./src/XMonad/StackSet.hs" f490ced 0 485   485   |  2     0.056 cTypeSig       3   4   |  2     0.064
"./src/XMonad/StackSet.hs" f490ced 0 550   550   |  2     0.048 cClassA        0   0   |  2     0.048
"./src/XMonad/StackSet.hs" 77b3f62 0 55    55    |  1     0.125 cModule        0   0   |  2     0.125
"./src/XMonad/StackSet.hs" 77b3f62 0 372   372   |  3     0.167 cInfixApp      0   0   |  3     0.200
"./src/XMonad/StackSet.hs" d9d3e40 1 197   197   |  3     0.429 cGuardedRhss   1   4   |  2     0.120
"./src/XMonad/StackSet.hs" 09fd11d 0 55    55    |  1     0.333 cImportSpecLis 0   0   |  2     0.125
"./src/XMonad/StackSet.hs" 09fd11d 1 541   541   |  8     0.567 cFunBind       1   1   |  8     0.631
"./src/XMonad/StackSet.hs" 09fd11d 0 554   550   |  18    0.373 cFunBind       1   1   |  16    0.486
"./src/XMonad/StackSet.hs" 76d4af1 0 38    38    |  1     0.500 cExportSpecLis 0   0   |  2     0.200
"./src/XMonad/StackSet.hs" 76d4af1 0 345   345   |  1     0.714 cUnGuardedRhs  1   1   |  1     0.571
"./src/XMonad/StackSet.hs" 76d4af1 1 350   350   |  1     0.000 cModule        0   0   |  2     0.111
"./src/XMonad/StackSet.hs" 74c6dd2 0 45    45    |  1     0.111 cExportSpecLis 0   0   |  2     0.067
"./src/XMonad/StackSet.hs" 5b3eaf6 0 34    34    |  1     0.143 cExportSpecLis 0   0   |  1     0.143
"./src/XMonad/StackSet.hs" 5b3eaf6 0 213   213   |  3     0.333 cInfixApp      0   0   |  3     0.400
"./src/XMonad/StackSet.hs" 5b3eaf6 0 523   527   |  2     0.417 cUnGuardedRhs  0   0   |  2     0.571
"./src/XMonad/StackSet.hs" 5b3eaf6 1 539   543   |  3     0.283 cMatch         1   1   |  2     0.429
"./src/XMonad/StackSet.hs" a8d3564 1 213   213   |  5     0.253 cGuardedRhs    0   0   |  3     0.257
"./src/XMonad/StackSet.hs" f81ec95 0 45    45    |  1     0.125 cModule        0   0   |  2     0.125
"./src/XMonad/StackSet.hs" f81ec95 0 442   442   |  5     0.289 cUnGuardedRhs  0   0   |  3     0.280
"./src/XMonad/Main.hs" 0248e3c 0 16    16    |  0     1.000 ---            0   4   |  2     0.143
"./src/XMonad/Main.hs" 0248e3c 0 41    40    |  0     1.000 ---            0   2   |  0     1.000
"./src/XMonad/Main.hs" 0248e3c 0 63    62    |  1     0.500 cMatch         0   0   |  2     0.333
"./src/XMonad/Main.hs" 0248e3c 1 67    66    |  2     0.138 cDo            0   0   |  2     0.143
"./src/XMonad/Main.hs" 0248e3c 0 74    70    |  4     0.277 cAlt           1   1   |  4     0.278
"./src/XMonad/Main.hs" 0248e3c 1 80    76    |  6     0.277 cCase          0   0   |  4     0.357
"./src/XMonad/Main.hs" 0248e3c 1 152   152   |  3     0.204 cModule        0   0   |  4     0.214
"./src/XMonad/Main.hs" 0248e3c 0 222   217   |  1     0.000 cRecConstr     0   0   |  1     0.000
"./src/XMonad/Main.hs" 0248e3c 0 226   221   |  2     0.429 cFieldUpdate   0   0   |  1     0.250
"./src/XMonad/Main.hs" 40fc10b 0 122   122   |  1     0.000 cDo            0   0   |  1     0.333
"./src/XMonad/Main.hs" 3a140ba 1 360   360   |  1     0.333 cGuardedRhss   2   2   |  3     0.600
"./src/XMonad/Main.hs" dc07849 0 293   294   |  4     0.133 cLambda        1   1   |  3     0.231
"./src/XMonad/Main.hs" dc07849 0 385   384   |  4     0.364 cIf            1   1   |  2     0.280
"./src/XMonad/Main.hs" dc07849 0 419   418   |  1     0.571 cApp           1   1   |  3     0.625
"./src/XMonad/Main.hs" 307b82a 1 48    151   |  3     0.217 cTypeSig       0   0   |  4     0.214
"./src/XMonad/Main.hs" 307b82a 0 96    198   |  3     0.556 cDo            0   0   |  2     0.692
"./src/XMonad/Main.hs" 307b82a 0 101   203   |  3     0.613 cDo            0   0   |  2     0.733
"./src/XMonad/Main.hs" 197b009 0 1     1     |  0     1.000 ---            3   0   |  2     0.167
"./src/XMonad/Main.hs" 28c3482 0 51    51    |  1     0.400 cQualifier     1   1   |  1     0.556
"./src/XMonad/Layout.hs" f490ced 0 140   140   |  1     0.250 cModule        1   1   |  3     0.263
"./src/XMonad/Layout.hs" f5c40e9 1 1     1     |  1     0.111 cLanguagePragm 0   0   |  2     0.182
"./src/XMonad/Layout.hs" 77b3f62 0 128   128   |  1     0.026 cMatch         1   1   |  2     0.067
"./src/XMonad/Layout.hs" 77b3f62 0 176   176   |  1     0.053 cParen         2   2   |  2     0.023
"./src/XMonad/Layout.hs" 77b3f62 0 197   197   |  1     0.000 cMatch         0   0   |  1     0.029
"./src/XMonad/Layout.hs" 2621f3f 0 55    55    |  1     0.000 cFieldDecl     0   0   |  ---   ---  
"./src/XMonad/Layout.hs" a931776 0 54    54    |  3     0.167 cDataDecl      2   2   |  4     0.312
"./src/XMonad/Layout.hs" 77657b6 1 54    54    |  1     0.407 cModule        3   2   |  1     0.000
"./src/XMonad/Layout.hs" c93b7c7 0 115   115   |  2     0.036 cModule        0   0   |  1     0.062
"./src/XMonad/Layout.hs" e847b35 1 152   152   |  1     0.000 cModule        0   0   |  1     0.000
"./src/XMonad/Layout.hs" cccbfa2 1 188   188   |  5     0.343 cGuardedRhs    1   1   |  2     0.619
"./src/XMonad/Layout.hs" 870b3ad 1 191   191   |  10    0.198 cFunBind       0   0   |  3     0.324
"./src/XMonad/Layout.hs" ab30d76 0 138   138   |  2     0.143 cUnGuardedRhs  0   0   |  1     0.333
"./src/XMonad/Layout.hs" ab30d76 1 142   142   |  6     0.333 cDataDecl      0   0   |  9     0.373
"./src/XMonad/Layout.hs" ab30d76 1 148   149   |  36    0.540 ---            2   1   |  23    0.731
"./src/XMonad/Layout.hs" ab30d76 1 155   164   |  12    0.711 cModule        1   1   |  9     0.806
"./src/XMonad/Layout.hs" ab30d76 1 158   170   |  11    0.566 cInstDecl      2   0   |  5     0.803
"./src/XMonad/Layout.hs" ab30d76 1 164   174   |  77    0.333 cDo            1   1   |  35    0.672
"./src/XMonad/Layout.hs" 04c8d62 1 19    19    |  3     0.189 cExportSpecLis 0   0   |  8     0.250
"./src/XMonad/Layout.hs" 04c8d62 1 87    76    |  1     0.000 cTypeSig       0   0   |  1     0.000
"./src/XMonad/Layout.hs" d6233d0 1 160   160   |  1     0.000 cInstDecl      0   0   |  1     0.000
"./src/XMonad/Layout.hs" 5f088f4 0 49    49    |  1     0.111 cQualConDecl   1   1   |  2     0.067
"./src/XMonad/Layout.hs" 5f088f4 0 60    60    |  3     0.143 cQualConDecl   1   1   |  4     0.097
"./src/XMonad/Layout.hs" f768674 1 37    36    |  0     1.000 ---            3   0   |  0     1.000
"./src/XMonad/Layout.hs" f768674 1 123   69    |  1     0.564 cInstDecl      0   3   |  1     0.505
"./src/XMonad/Layout.hs" f768674 1 130   73    |  23    0.577 ---            1   5   |  9     0.786
"./src/XMonad/Layout.hs" f768674 1 137   77    |  3     0.917 cModule        1   1   |  2     0.947
"./src/XMonad/Layout.hs" 351de8d 1 18    18    |  1     0.030 cModule        0   0   |  2     0.020
"./src/XMonad/Layout.hs" bc13b4b 0 133   133   |  6     0.147 cInstDecl      0   0   |  5     0.250
"./src/XMonad/Layout.hs" 5bea59a 1 54    54    |  20    0.337 cInstDecl      0   0   |  15    0.479
"./tests/loc.hs" 32ba0d4 0 8     8     |  2     0.304 cDo            0   0   |  1     0.667
"./tests/loc.hs" 378aa87 0 11    11    |  1     0.000 cInfixApp      0   0   |  2     0.111
"./tests/loc.hs" cf2c9f7 0 5     5     |  1     0.600 cInfixApp      1   1   |  2     0.368
"./tests/loc.hs" 5c9ad77 0 11    11    |  1     0.000 cInfixApp      0   0   |  2     0.111
"./tests/Properties.hs" f03d2cd 0 38    38    |  1     0.097 cGenerator     3   1   |  2     0.048
"./tests/Properties.hs" f03d2cd 0 170   170   |  1     0.000 cTuple         0   0   |  5     0.286
"./tests/Properties.hs" 16c0cb9 1 30    32    |  3     0.698 cLetStmt       2   3   |  3     0.692
"./tests/Properties.hs" 16c0cb9 1 32    38    |  3     0.711 cUnGuardedRhs  1   1   |  1     0.862
"./tests/Properties.hs" fbd406e 0 148   151   |  1     0.000 cList          0   0   |  2     0.143
"./tests/Properties.hs" fbd406e 1 181   184   |  1     0.333 cTuple         0   0   |  2     0.429
"./tests/Properties.hs" 0ea4260 1 46    46    |  1     0.000 cLet           0   0   |  1     0.000
"./tests/Properties.hs" 0ea4260 1 53    52    |  1     0.000 cLet           0   0   |  1     0.000
"./tests/Properties.hs" 7e2caa4 1 18    18    |  5     0.582 cMatch         1   1   |  2     0.562
"./tests/Properties/Failure.hs" f490ced 1 9     10    |  4     0.409 ---            3   1   |  2     0.550
"./tests/Properties/Failure.hs" f490ced 1 15    18    |  5     0.674 cMatch         0   0   |  1     0.895
"./tests/Properties/Failure.hs" f490ced 0 18    22    |  3     0.447 ---            3   2   |  2     0.647
"./tests/Properties/Failure.hs" f490ced 0 22    26    |  4     0.707 cMatch         1   1   |  1     0.895
"./man/xmonad.hs" ec1a20c 0 261   261   |  1     0.000 cPatBind       0   0   |  2     0.250
"./man/xmonad.hs" 8f039ec 0 132   132   |  1     0.000 cInfixApp      0   0   |  2     0.053
"./man/xmonad.hs" 32f416a 0 62    62    |  1     0.000 cApp           0   0   |  2     0.091
"./man/xmonad.hs" cde261e 0 70    71    |  1     0.000 cInfixApp      0   0   |  2     0.071
"./man/xmonad.hs" cde261e 0 73    74    |  1     0.000 cInfixApp      0   0   |  2     0.067
"./man/xmonad.hs" cde261e 0 76    77    |  1     0.000 cTuple         0   0   |  2     0.091
"./man/xmonad.hs" cde261e 0 79    80    |  1     0.000 cInfixApp      0   0   |  2     0.077
"./man/xmonad.hs" cde261e 0 82    83    |  1     0.000 cInfixApp      0   0   |  2     0.083
"./man/xmonad.hs" cde261e 0 85    86    |  1     0.000 cTuple         0   0   |  2     0.091
"./man/xmonad.hs" cde261e 0 88    89    |  1     0.000 cInfixApp      0   0   |  2     0.067
"./man/xmonad.hs" cde261e 0 91    92    |  1     0.000 cTuple         0   0   |  2     0.100
"./man/xmonad.hs" cde261e 0 94    95    |  1     0.000 cTuple         0   0   |  2     0.091
"./man/xmonad.hs" cde261e 0 97    98    |  1     0.000 cTuple         0   0   |  2     0.091
"./man/xmonad.hs" cde261e 0 100   101   |  1     0.000 cTuple         0   0   |  2     0.091
"./man/xmonad.hs" cde261e 0 103   104   |  1     0.000 cTuple         0   0   |  2     0.091
"./man/xmonad.hs" cde261e 0 106   107   |  1     0.000 cTuple         0   0   |  2     0.091
"./man/xmonad.hs" cde261e 0 109   110   |  1     0.000 cInfixApp      0   0   |  2     0.077
"./man/xmonad.hs" cde261e 0 112   113   |  1     0.000 cInfixApp      0   0   |  2     0.077
"./man/xmonad.hs" cde261e 0 115   116   |  1     0.000 cTuple         0   0   |  2     0.091
"./man/xmonad.hs" cde261e 0 118   119   |  1     0.000 cTuple         0   0   |  2     0.091
"./man/xmonad.hs" cde261e 0 121   122   |  1     0.000 cTuple         0   0   |  2     0.071
"./man/xmonad.hs" cde261e 0 124   125   |  1     0.000 cTuple         0   0   |  2     0.071
"./man/xmonad.hs" cde261e 0 127   128   |  1     0.000 cTuple         0   0   |  2     0.059
"./man/xmonad.hs" cde261e 0 133   137   |  1     0.000 cInfixApp      0   0   |  2     0.062
"./man/xmonad.hs" cde261e 0 136   140   |  1     0.000 cTuple         0   0   |  2     0.091
"./man/xmonad.hs" cde261e 0 144   148   |  1     0.000 cTuple         0   0   |  2     0.067
"./man/xmonad.hs" cde261e 0 153   157   |  1     0.000 cTuple         0   0   |  2     0.048
"./man/xmonad.hs" cde261e 0 161   165   |  1     0.000 cInfixApp      0   0   |  2     0.083
"./man/xmonad.hs" cde261e 0 164   168   |  1     0.000 cTuple         0   0   |  2     0.045
"./man/xmonad.hs" cde261e 0 168   172   |  1     0.000 cTuple         0   0   |  2     0.053
"./man/xmonad.hs" cde261e 0 171   175   |  1     0.000 cTuple         0   0   |  2     0.045
"./man/xmonad.hs" 7385793 0 232   232   |  1     0.000 cUnGuardedRhs  0   0   |  1     0.333
"./man/xmonad.hs" 72885e7 1 219   223   |  0     1.000 ---            3   0   |  0     1.000
"./man/xmonad.hs" 6e1c5e9 0 132   132   |  2     0.250 cTuple         0   0   |  2     0.217
"./man/xmonad.hs" 74c6dd2 1 160   160   |  2     0.167 cList          0   0   |  2     0.073
"./man/xmonad.hs" 74c6dd2 1 166   167   |  2     0.167 cList          0   0   |  2     0.073
"./man/xmonad.hs" 4890116 1 140   126   |  0     1.000 ---            8   0   |  0     1.000
"./man/xmonad.hs" 9d9acba 1 282   292   |  1     0.333 cRecUpdate     0   0   |  1     0.400
"./man/xmonad.hs" 31c7734 0 148   148   |  1     0.333 cApp           1   1   |  3     0.111
"./man/xmonad.hs" c46f3ad 1 148   148   |  4     0.193 cList          0   0   |  2     0.091
"./Main.hs" 307b82a 1 33    20    |  2     0.962 cModule        0   0   |  2     0.967
"./Main.hs" 9ff1053 0 34    34    |  4     0.297 cCase          0   0   |  2     0.250
"./Main.hs" 6c72a03 1 29    29    |  4     0.636 cUnGuardedRhs  1   1   |  2     0.729
"./Main.hs" da167bf 0 46    47    |  1     0.514 cApp           1   5   |  2     0.333
"./Main.hs" 161ade3 1 17    17    |  1     0.692 cModule        0   0   |  1     0.846
"./Main.hs" 4fa1044 0 19    19    |  1     0.250 cImportDecl    0   0   |  2     0.167
"./Main.hs" 4fa1044 0 47    46    |  1     0.647 cDo            1   1   |  1     0.636
"./Main.hs" 92b4510 0 46    46    |  2     0.333 cDo            0   0   |  1     0.333
"./Main.hs" 45eea72 0 47    47    |  1     0.000 cGenerator     0   0   |  1     0.000
"./Main.hs" 9492412 0 50    49    |  1     0.263 cUnGuardedRhs  1   1   |  1     0.333
"./Main.hs" a13c11f 1 33    33    |  1     0.000 cDo            0   0   |  1     0.000
"./Main.hs" a13c11f 0 47    48    |  1     0.000 cList          0   0   |  2     0.077
"./Main.hs" a13c11f 0 52    52    |  1     0.000 cApp           0   0   |  2     0.111
"./Main.hs" fcea17f 0 34    34    |  1     0.000 cDo            0   0   |  1     0.500
"./Main.hs" 30af3a8 0 17    17    |  0     1.000 ---            3   0   |  2     0.714
"./Main.hs" c3c39aa 0 17    17    |  1     0.000 cImportDecl    0   0   |  3     0.200
"./Main.hs" 7bc4ab4 1 19    17    |  1     0.928 cModule        0   0   |  5     0.934
"./Main.hs" 7bc4ab4 1 119   20    |  46    0.815 ---            2   1   |  21    0.935
"./Main.hs" 7bc4ab4 1 263   48    |  4     0.463 cModule        0   0   |  2     0.467
"./Main.hs" e8d3f67 0 17    17    |  0     1.000 ---            0   3   |  2     0.333
"./Main.hs" 8a5d249 0 243   243   |  1     0.400 cRecConstr     1   1   |  2     0.111
"./Main.hs" 22aacf9 0 23    23    |  2     0.125 cModule        0   0   |  3     0.111
"./Main.hs" b0b4305 0 23    23    |  2     0.167 cModule        0   0   |  3     0.143
"./Main.hs" 8a8c538 0 160   160   |  1     0.308 cInfixApp      1   1   |  3     0.118
"./Main.hs" 8a8c538 0 244   244   |  1     0.000 cRecConstr     0   0   |  2     0.250
"./Main.hs" e50927f 1 23    23    |  2     0.111 cImportSpecLis 0   0   |  2     0.500
"./Main.hs" e50927f 1 32    33    |  1     0.667 cModule        0   0   |  1     0.714
"./Main.hs" e50927f 0 233   233   |  1     0.000 cTypeSig       0   0   |  6     0.085
"./Main.hs" 3789f37 1 131   132   |  4     0.424 ---            2   3   |  4     0.643
"./Main.hs" 3789f37 0 174   166   |  2     0.143 cInfixApp      0   0   |  2     0.133
"./Main.hs" 3789f37 0 241   233   |  2     0.286 cModule        0   0   |  1     0.143
"./Main.hs" 3789f37 0 250   242   |  2     0.250 cRecConstr     0   0   |  1     0.333
"./Main.hs" 48ccbc7 1 22    22    |  1     0.818 cImportDecl    0   0   |  2     0.733
"./Main.hs" 48ccbc7 1 30    31    |  1     0.667 cModule        0   0   |  1     0.714
"./Main.hs" 48ccbc7 0 93    84    |  0     1.000 ---            2   0   |  0     1.000
"./Main.hs" 48ccbc7 1 174   156   |  3     0.310 cUnGuardedRhs  0   0   |  3     0.583
"./Main.hs" 48ccbc7 0 204   168   |  1     0.333 cList          1   1   |  3     0.143
"./Main.hs" 48ccbc7 0 210   174   |  1     0.538 cList          2   2   |  3     0.071
"./Main.hs" 48ccbc7 0 237   201   |  1     0.032 cParen         1   2   |  2     0.010
"./Main.hs" 48ccbc7 1 281   269   |  1     0.800 cUnGuardedRhs  9   1   |  1     0.625
"./util/GenerateManpage.hs" ba2d75b 0 82    82    |  2     0.250 cRecUpdate     1   1   |  3     0.238
"./util/GenerateManpage.hs" ba2d75b 1 95    95    |  1     0.077 cRecUpdate     1   1   |  3     0.385
"./util/GenerateManpage.hs" 30b4ff5 0 37    38    |  1     0.000 cModule        0   0   |  1     0.000
"./util/GenerateManpage.hs" 30b4ff5 0 72    73    |  1     0.143 cDo            1   1   |  1     0.111
"./util/GenerateManpage.hs" f0054fd 0 37    37    |  1     0.000 cModule        0   0   |  1     0.000
"./util/GenerateManpage.hs" f0054fd 0 73    72    |  2     0.280 cGenerator     0   0   |  1     0.538
"./util/GenerateManpage.hs" f0054fd 0 82    81    |  1     0.000 cApp           0   0   |  2     0.083
"./util/GenerateManpage.hs" f0054fd 0 88    87    |  1     0.000 cInfixApp      0   0   |  1     0.333
"./util/GenerateManpage.hs" 7eb6ba0 0 46    46    |  1     0.000 cExpTypeSig    0   0   |  2     0.037
"./util/GenerateManpage.hs" d904fb1 0 39    39    |  1     0.000 cUnGuardedRhs  0   0   |  1     0.333
"./util/GenerateManpage.hs" 32f416a 0 39    39    |  1     0.000 cUnGuardedRhs  0   0   |  1     0.333
"./util/GenerateManpage.hs" ae59a51 0 37    37    |  1     0.000 cModule        0   0   |  1     0.000
"./util/GenerateManpage.hs" ae59a51 0 79    79    |  1     0.429 cGenerator     1   2   |  2     0.091
"./util/GenerateManpage.hs" ae59a51 0 86    86    |  1     0.429 cGenerator     1   2   |  2     0.091
"./util/GenerateManpage.hs" ae59a51 1 89    89    |  2     0.059 cRecUpdate     2   3   |  3     0.273
"./util/GenerateManpage.hs" ae59a51 0 93    94    |  1     0.000 cRecUpdate     8   10  |  1     0.500
"./util/GenerateManpage.hs" fa8fe9a 0 81    82    |  2     0.394 cInfixApp      0   0   |  1     0.600
"./util/GenerateManpage.hs" fa8fe9a 1 87    89    |  1     0.000 cInfixApp      0   0   |  3     0.182
"./util/GenerateManpage.hs" fa8fe9a 0 90    93    |  1     0.000 cInfixApp      0   0   |  0     1.000
"./util/GenerateManpage.hs" 02693d3 0 36    36    |  1     0.000 cUnGuardedRhs  0   0   |  1     0.333
"./util/GenerateManpage.hs" 02693d3 0 67    67    |  2     0.429 cApp           1   1   |  3     0.133
"./util/GenerateManpage.hs" 02693d3 1 83    83    |  2     0.618 cInfixApp      0   0   |  3     0.579
"./util/GenerateManpage.hs" 37dc284 0 45    53    |  3     0.136 cModule        0   0   |  4     0.217
"./util/GenerateManpage.hs" 37dc284 1 52    62    |  12    0.422 cGenerator     0   0   |  2     0.646
"./util/GenerateManpage.hs" 37dc284 1 54    76    |  7     0.324 cUnGuardedRhs  1   1   |  2     0.852
"./util/GenerateManpage.hs" 37dc284 1 56    82    |  10    0.404 cUnGuardedRhs  1   1   |  1     0.946
"./util/GenerateManpage.hs" b4bf8de 1 46    55    |  2     0.189 cDo            0   0   |  2     0.167
"./util/GenerateManpage.hs" 39fd73a 0 39    39    |  1     0.000 cInfixApp      0   0   |  2     0.062
